<?xml version="1.0" encoding="UTF-8"?>
<testsuite xmlns:xsi="http://www.w3.org/2001/XMLSchema-instance" xsi:noNamespaceSchemaLocation="https://maven.apache.org/surefire/maven-surefire-plugin/xsd/surefire-test-report-3.0.xsd" version="3.0" name="com.example.demorabbit.DemorabbitApplicationTests" time="4.175" tests="1" errors="0" skipped="0" failures="0">
  <properties>
[...]
</properties>
  <testcase name="contextLoads" classname="com.example.demorabbit.DemorabbitApplicationTests" time="1.371">
    <system-out><![CDATA[23:16:45.077 [main] INFO org.springframework.test.context.support.AnnotationConfigContextLoaderUtils -- Could not detect default configuration classes for test class [com.example.demorabbit.DemorabbitApplicationTests]: DemorabbitApplicationTests does not declare any static, non-private, non-final, nested classes annotated with @Configuration.
23:16:45.264 [main] INFO org.springframework.boot.test.context.SpringBootTestContextBootstrapper -- Found @SpringBootConfiguration com.example.demorabbit.DemorabbitApplication for test class com.example.demorabbit.DemorabbitApplicationTests

  .   ____          _            __ _ _
 /\\ / ___'_ __ _ _(_)_ __  __ _ \ \ \ \
( ( )\___ | '_ | '_| | '_ \/ _` | \ \ \ \
 \\/  ___)| |_)| | | | | || (_| |  ) ) ) )
  '  |____| .__|_| |_|_| |_\__, | / / / /
 =========|_|==============|___/=/_/_/_/

 :: Spring Boot ::       (v3.3.2-SNAPSHOT)

2024-07-16T23:16:45.922+07:00  INFO 8268 --- [demorabbit] [           main] c.e.d.DemorabbitApplicationTests         : Starting DemorabbitApplicationTests using Java 17.0.12 with PID 8268 (started by Pham Sy Chien in D:\demorabbit)
2024-07-16T23:16:45.923+07:00  INFO 8268 --- [demorabbit] [           main] c.e.d.DemorabbitApplicationTests         : No active profile set, falling back to 1 default profile: "default"
2024-07-16T23:16:47.514+07:00  INFO 8268 --- [demorabbit] [           main] c.e.d.DemorabbitApplicationTests         : Started DemorabbitApplicationTests in 2.005 seconds (process running for 3.594)
]]></system-out>
  </testcase>
</testsuite>